<?xml version="1.0" encoding="UTF-8"?>
<testsuite xmlns:xsi="http://www.w3.org/2001/XMLSchema-instance" xsi:noNamespaceSchemaLocation="https://maven.apache.org/surefire/maven-surefire-plugin/xsd/surefire-test-report-3.0.xsd" version="3.0" name="pe.edu.pucp.softpac.dao.UsuariosDAOTest" time="75.81" tests="11" errors="1" skipped="0" failures="2">
  <properties>
[...]
</properties>
  <testcase name="testInsertar" classname="pe.edu.pucp.softpac.dao.UsuariosDAOTest" time="4.115"/>
  <testcase name="testObtenerPorId" classname="pe.edu.pucp.softpac.dao.UsuariosDAOTest" time="4.105">
    <failure message="expected: not &lt;null&gt;" type="org.opentest4j.AssertionFailedError"><![CDATA[org.opentest4j.AssertionFailedError: expected: not <null>
	at org.junit.jupiter.api.AssertionFailureBuilder.build(AssertionFailureBuilder.java:152)
	at org.junit.jupiter.api.AssertionFailureBuilder.buildAndThrow(AssertionFailureBuilder.java:132)
	at org.junit.jupiter.api.AssertNotNull.failNull(AssertNotNull.java:49)
	at org.junit.jupiter.api.AssertNotNull.assertNotNull(AssertNotNull.java:35)
	at org.junit.jupiter.api.AssertNotNull.assertNotNull(AssertNotNull.java:30)
	at org.junit.jupiter.api.Assertions.assertNotNull(Assertions.java:304)
	at pe.edu.pucp.softpac.dao.UsuariosDAOTest.testObtenerPorId(UsuariosDAOTest.java:106)
	at java.base/java.lang.reflect.Method.invoke(Method.java:565)
	at java.base/java.util.ArrayList.forEach(ArrayList.java:1604)
	at java.base/java.util.ArrayList.forEach(ArrayList.java:1604)
]]></failure>
  </testcase>
  <testcase name="testModificar" classname="pe.edu.pucp.softpac.dao.UsuariosDAOTest" time="5.272">
    <error message="Cannot invoke &quot;pe.edu.pucp.softpac.model.UsuariosDTO.getCorreo_electronico()&quot; because &quot;usuarioModificado&quot; is null" type="java.lang.NullPointerException"><![CDATA[java.lang.NullPointerException: Cannot invoke "pe.edu.pucp.softpac.model.UsuariosDTO.getCorreo_electronico()" because "usuarioModificado" is null
	at pe.edu.pucp.softpac.dao.UsuariosDAOTest.testModificar(UsuariosDAOTest.java:123)
	at java.base/java.lang.reflect.Method.invoke(Method.java:565)
	at java.base/java.util.ArrayList.forEach(ArrayList.java:1604)
	at java.base/java.util.ArrayList.forEach(ArrayList.java:1604)
]]></error>
  </testcase>
  <testcase name="testListarTodos" classname="pe.edu.pucp.softpac.dao.UsuariosDAOTest" time="5.16">
    <failure message="expected: &lt;true&gt; but was: &lt;false&gt;" type="org.opentest4j.AssertionFailedError"><![CDATA[org.opentest4j.AssertionFailedError: expected: <true> but was: <false>
	at org.junit.jupiter.api.AssertionFailureBuilder.build(AssertionFailureBuilder.java:151)
	at org.junit.jupiter.api.AssertionFailureBuilder.buildAndThrow(AssertionFailureBuilder.java:132)
	at org.junit.jupiter.api.AssertTrue.failNotTrue(AssertTrue.java:63)
	at org.junit.jupiter.api.AssertTrue.assertTrue(AssertTrue.java:36)
	at org.junit.jupiter.api.AssertTrue.assertTrue(AssertTrue.java:31)
	at org.junit.jupiter.api.Assertions.assertTrue(Assertions.java:183)
	at pe.edu.pucp.softpac.dao.UsuariosDAOTest.testListarTodos(UsuariosDAOTest.java:134)
	at java.base/java.lang.reflect.Method.invoke(Method.java:565)
	at java.base/java.util.ArrayList.forEach(ArrayList.java:1604)
	at java.base/java.util.ArrayList.forEach(ArrayList.java:1604)
]]></failure>
  </testcase>
  <testcase name="testEliminar" classname="pe.edu.pucp.softpac.dao.UsuariosDAOTest" time="6.205"/>
  <testcase name="testEliminarLogico" classname="pe.edu.pucp.softpac.dao.UsuariosDAOTest" time="7.425"/>
  <testcase name="testObtenerPorCorreo" classname="pe.edu.pucp.softpac.dao.UsuariosDAOTest" time="4.927"/>
  <testcase name="testInsercionConDetalles" classname="pe.edu.pucp.softpac.dao.UsuariosDAOTest" time="5.679"/>
  <testcase name="testModificacionConDetalles" classname="pe.edu.pucp.softpac.dao.UsuariosDAOTest" time="8.055"/>
  <testcase name="testEliminacionConDetalles" classname="pe.edu.pucp.softpac.dao.UsuariosDAOTest" time="11.048"/>
  <testcase name="testObtenerPorIdIncluyeDetalles" classname="pe.edu.pucp.softpac.dao.UsuariosDAOTest" time="5.971"/>
</testsuite>